[
  {
    "Plan": {
      "Node Type": "Sort",
      "Parallel Aware": false,
      "Startup Cost": 3421.36,
      "Total Cost": 3425.79,
      "Plan Rows": 1771,
      "Plan Width": 15,
      "Actual Startup Time": 239.610,
      "Actual Total Time": 239.713,
      "Actual Rows": 1182,
      "Actual Loops": 1,
      "Output": ["words.word", "(icount((wan.lookup_numbers & words.letter_numbers)))"],
      "Sort Key": ["(icount((wan.lookup_numbers & words.letter_numbers))) DESC"],
      "Sort Method": "quicksort",
      "Sort Space Used": 104,
      "Sort Space Type": "Memory",
      "Shared Hit Blocks": 4401,
      "Shared Read Blocks": 0,
      "Shared Dirtied Blocks": 0,
      "Shared Written Blocks": 0,
      "Local Hit Blocks": 0,
      "Local Read Blocks": 0,
      "Local Dirtied Blocks": 0,
      "Local Written Blocks": 0,
      "Temp Read Blocks": 0,
      "Temp Written Blocks": 0,
      "Plans": [
        {
          "Node Type": "Result",
          "Parent Relationship": "InitPlan",
          "Subplan Name": "CTE wan",
          "Parallel Aware": false,
          "Startup Cost": 0.51,
          "Total Cost": 0.52,
          "Plan Rows": 1,
          "Plan Width": 32,
          "Actual Startup Time": 0.037,
          "Actual Total Time": 0.038,
          "Actual Rows": 1,
          "Actual Loops": 1,
          "Output": ["$0"],
          "Shared Hit Blocks": 0,
          "Shared Read Blocks": 0,
          "Shared Dirtied Blocks": 0,
          "Shared Written Blocks": 0,
          "Local Hit Blocks": 0,
          "Local Read Blocks": 0,
          "Local Dirtied Blocks": 0,
          "Local Written Blocks": 0,
          "Temp Read Blocks": 0,
          "Temp Written Blocks": 0,
          "Plans": [
            {
              "Node Type": "Result",
              "Parent Relationship": "InitPlan",
              "Subplan Name": "InitPlan 1 (returns $0)",
              "Parallel Aware": false,
              "Startup Cost": 0.00,
              "Total Cost": 0.51,
              "Plan Rows": 100,
              "Plan Width": 4,
              "Actual Startup Time": 0.024,
              "Actual Total Time": 0.026,
              "Actual Rows": 8,
              "Actual Loops": 1,
              "Output": ["ascii(unnest('{E,T,R,A,M,O,I,L}'::text[]))"],
              "Shared Hit Blocks": 0,
              "Shared Read Blocks": 0,
              "Shared Dirtied Blocks": 0,
              "Shared Written Blocks": 0,
              "Local Hit Blocks": 0,
              "Local Read Blocks": 0,
              "Local Dirtied Blocks": 0,
              "Local Written Blocks": 0,
              "Temp Read Blocks": 0,
              "Temp Written Blocks": 0
            }
          ]
        },
        {
          "Node Type": "Nested Loop",
          "Parent Relationship": "Outer",
          "Parallel Aware": false,
          "Join Type": "Inner",
          "Startup Cost": 29.72,
          "Total Cost": 3325.29,
          "Plan Rows": 1771,
          "Plan Width": 15,
          "Actual Startup Time": 90.355,
          "Actual Total Time": 239.301,
          "Actual Rows": 1182,
          "Actual Loops": 1,
          "Output": ["words.word", "icount((wan.lookup_numbers & words.letter_numbers))"],
          "Shared Hit Blocks": 4398,
          "Shared Read Blocks": 0,
          "Shared Dirtied Blocks": 0,
          "Shared Written Blocks": 0,
          "Local Hit Blocks": 0,
          "Local Read Blocks": 0,
          "Local Dirtied Blocks": 0,
          "Local Written Blocks": 0,
          "Temp Read Blocks": 0,
          "Temp Written Blocks": 0,
          "Plans": [
            {
              "Node Type": "CTE Scan",
              "Parent Relationship": "Outer",
              "Parallel Aware": false,
              "CTE Name": "wan",
              "Alias": "wan",
              "Startup Cost": 0.00,
              "Total Cost": 0.02,
              "Plan Rows": 1,
              "Plan Width": 32,
              "Actual Startup Time": 0.039,
              "Actual Total Time": 0.040,
              "Actual Rows": 1,
              "Actual Loops": 1,
              "Output": ["wan.lookup_numbers"],
              "Shared Hit Blocks": 0,
              "Shared Read Blocks": 0,
              "Shared Dirtied Blocks": 0,
              "Shared Written Blocks": 0,
              "Local Hit Blocks": 0,
              "Local Read Blocks": 0,
              "Local Dirtied Blocks": 0,
              "Local Written Blocks": 0,
              "Temp Read Blocks": 0,
              "Temp Written Blocks": 0
            },
            {
              "Node Type": "Bitmap Heap Scan",
              "Parent Relationship": "Inner",
              "Parallel Aware": false,
              "Relation Name": "words",
              "Schema": "public",
              "Alias": "words",
              "Startup Cost": 29.72,
              "Total Cost": 3298.71,
              "Plan Rows": 1771,
              "Plan Width": 63,
              "Actual Startup Time": 90.287,
              "Actual Total Time": 238.671,
              "Actual Rows": 1182,
              "Actual Loops": 1,
              "Output": ["words.word", "words.letter_numbers"],
              "Recheck Cond": "(wan.lookup_numbers @> words.letter_numbers)",
              "Rows Removed by Index Recheck": 352563,
              "Exact Heap Blocks": 4161,
              "Lossy Heap Blocks": 0,
              "Shared Hit Blocks": 4398,
              "Shared Read Blocks": 0,
              "Shared Dirtied Blocks": 0,
              "Shared Written Blocks": 0,
              "Local Hit Blocks": 0,
              "Local Read Blocks": 0,
              "Local Dirtied Blocks": 0,
              "Local Written Blocks": 0,
              "Temp Read Blocks": 0,
              "Temp Written Blocks": 0,
              "Plans": [
                {
                  "Node Type": "Bitmap Index Scan",
                  "Parent Relationship": "Outer",
                  "Parallel Aware": false,
                  "Index Name": "idx_letter_number",
                  "Startup Cost": 0.00,
                  "Total Cost": 29.28,
                  "Plan Rows": 1771,
                  "Plan Width": 0,
                  "Actual Startup Time": 89.730,
                  "Actual Total Time": 89.730,
                  "Actual Rows": 353745,
                  "Actual Loops": 1,
                  "Index Cond": "(wan.lookup_numbers @> words.letter_numbers)",
                  "Shared Hit Blocks": 237,
                  "Shared Read Blocks": 0,
                  "Shared Dirtied Blocks": 0,
                  "Shared Written Blocks": 0,
                  "Local Hit Blocks": 0,
                  "Local Read Blocks": 0,
                  "Local Dirtied Blocks": 0,
                  "Local Written Blocks": 0,
                  "Temp Read Blocks": 0,
                  "Temp Written Blocks": 0
                }
              ]
            }
          ]
        }
      ]
    },
    "Planning Time": 2.405,
    "Triggers": [
    ],
    "Execution Time": 240.025
  }
]
